<?xml version="1.0" encoding="utf-8"?><testsuites name="pytest tests"><testsuite name="pytest" errors="0" failures="0" skipped="0" tests="22" time="8.738" timestamp="2026-06-10T11:02:54.857034+00:00" hostname="agent-env-c026e7f3-96fb-40f9-8326-42ea71438944"><testcase classname="tests.test_assets" name="test_presign_upload_creates_pending_asset" time="0.607" /><testcase classname="tests.test_assets" name="test_full_upload_lifecycle" time="0.745" /><testcase classname="tests.test_assets" name="test_confirm_without_upload_400" time="0.422" /><testcase classname="tests.test_assets" name="test_assets_require_auth" time="0.110" /><testcase classname="tests.test_auth" name="test_signup_returns_user_and_tokens" time="0.320" /><testcase classname="tests.test_auth" name="test_signup_duplicate_email_409" time="0.406" /><testcase classname="tests.test_auth" name="test_login_success" time="0.590" /><testcase classname="tests.test_auth" name="test_login_wrong_password_401" time="0.597" /><testcase classname="tests.test_auth" name="test_login_unknown_email_401" time="0.105" /><testcase classname="tests.test_auth" name="test_me_with_token" time="0.429" /><testcase classname="tests.test_auth" name="test_me_missing_token_401" time="0.099" /><testcase classname="tests.test_auth" name="test_me_invalid_token_401" time="0.102" /><testcase classname="tests.test_auth" name="test_refresh_rotates_token" time="0.422" /><testcase classname="tests.test_auth" name="test_forgot_password_always_ok" time="0.421" /><testcase classname="tests.test_auth" name="test_google_invalid_session_token_401" time="0.228" /><testcase classname="tests.test_health" name="test_root_health" time="0.104" /><testcase classname="tests.test_health" name="test_api_root" time="0.112" /><testcase classname="tests.test_projects" name="test_create_get_update_archive_delete_flow" time="0.758" /><testcase classname="tests.test_projects" name="test_cross_user_isolation_returns_404" time="0.872" /><testcase classname="tests.test_projects" name="test_recent_and_continue_editing" time="0.557" /><testcase classname="tests.test_projects" name="test_projects_require_auth" time="0.172" /><testcase classname="tests.test_projects" name="test_free_tier_quota_4th_project_402" time="0.520" /></testsuite></testsuites>