<?xml version="1.0" encoding="utf-8"?><testsuites name="pytest tests"><testsuite name="pytest" errors="0" failures="1" skipped="0" tests="22" time="8.652" timestamp="2026-06-10T10:55:12.914590+00:00" hostname="agent-env-c026e7f3-96fb-40f9-8326-42ea71438944"><testcase classname="tests.test_assets" name="test_presign_upload_creates_pending_asset" time="0.528" /><testcase classname="tests.test_assets" name="test_full_upload_lifecycle" time="0.722" /><testcase classname="tests.test_assets" name="test_confirm_without_upload_400" time="0.439" /><testcase classname="tests.test_assets" name="test_assets_require_auth" time="0.100" /><testcase classname="tests.test_auth" name="test_signup_returns_user_and_tokens" time="0.404" /><testcase classname="tests.test_auth" name="test_signup_duplicate_email_409" time="0.395" /><testcase classname="tests.test_auth" name="test_login_success" time="0.594" /><testcase classname="tests.test_auth" name="test_login_wrong_password_401" time="0.599" /><testcase classname="tests.test_auth" name="test_login_unknown_email_401" time="0.115" /><testcase classname="tests.test_auth" name="test_me_with_token" time="0.435" /><testcase classname="tests.test_auth" name="test_me_missing_token_401" time="0.115" /><testcase classname="tests.test_auth" name="test_me_invalid_token_401" time="0.128" /><testcase classname="tests.test_auth" name="test_refresh_rotates_token" time="0.394"><failure message="AssertionError: Internal Server Error&#10;assert 500 == 200&#10; +  where 500 = &lt;Response [500]&gt;.status_code">tests/test_auth.py:69: in test_refresh_rotates_token
    assert r.status_code == 200, r.text
E   AssertionError: Internal Server Error
E   assert 500 == 200
E    +  where 500 = &lt;Response [500]&gt;.status_code</failure></testcase><testcase classname="tests.test_auth" name="test_forgot_password_always_ok" time="0.477" /><testcase classname="tests.test_auth" name="test_google_invalid_session_token_401" time="0.203" /><testcase classname="tests.test_health" name="test_root_health" time="0.103" /><testcase classname="tests.test_health" name="test_api_root" time="0.107" /><testcase classname="tests.test_projects" name="test_create_get_update_archive_delete_flow" time="0.789" /><testcase classname="tests.test_projects" name="test_cross_user_isolation_returns_404" time="0.811" /><testcase classname="tests.test_projects" name="test_recent_and_continue_editing" time="0.474" /><testcase classname="tests.test_projects" name="test_projects_require_auth" time="0.149" /><testcase classname="tests.test_projects" name="test_free_tier_quota_4th_project_402" time="0.515" /></testsuite></testsuites>